Virtual User Script started at: 10/5/2018 4:46:04 PM
Starting action vuser_init.
Web Turbo Replay of LoadRunner 12.60.0 for Windows 10; build 971 (août 09 2018 11:27:13)  	[MsgId: MMSG-26983]
Run mode: HTML  	[MsgId: MMSG-26993]
Replay user agent: Mozilla/5.0 (Windows NT 10.0; WOW64; Trident/7.0; rv:11.0) like Gecko  	[MsgId: MMSG-26988]
Runtime Settings file: "C:\Users\ib\Documents\VuGen\Scripts\Pet Store\\default.cfg"  	[MsgId: MMSG-27141]
Homepage.c(3): web_set_sockets_option started  	[MsgId: MMSG-26355]
Homepage.c(3): Warning -27487: "web_set_sockets_option" has no effect on WinInet replay  	[MsgId: MWAR-27487]
Homepage.c(3): web_set_sockets_option highest severity level was "warning"  	[MsgId: MMSG-26391]
Homepage.c(5): Notify: Transaction "01_Display_Homepage" started.
Homepage.c(7): web_reg_find started  	[MsgId: MMSG-26355]
Homepage.c(7): Registering web_reg_find was successful  	[MsgId: MMSG-26390]
Homepage.c(10): web_reg_save_param_ex started  	[MsgId: MMSG-26355]
Homepage.c(10): Registering web_reg_save_param_ex was successful  	[MsgId: MMSG-26390]
Homepage.c(19): web_url("catalog") started  	[MsgId: MMSG-26355]
Homepage.c(19): Found resource "https://jpetstore.cfapps.io/css/jpetstore.css" in HTML "https://jpetstore.cfapps.io/catalog"  	[MsgId: MMSG-26659]
Homepage.c(19): Found resource "https://jpetstore.cfapps.io/images/logo-topbar.gif" in HTML "https://jpetstore.cfapps.io/catalog"  	[MsgId: MMSG-26659]
Homepage.c(19): Found resource "https://jpetstore.cfapps.io/images/cart.gif" in HTML "https://jpetstore.cfapps.io/catalog"  	[MsgId: MMSG-26659]
Homepage.c(19): Found resource "https://jpetstore.cfapps.io/images/separator.gif" in HTML "https://jpetstore.cfapps.io/catalog"  	[MsgId: MMSG-26659]
Homepage.c(19): Found resource "https://jpetstore.cfapps.io/images/sm_fish.gif" in HTML "https://jpetstore.cfapps.io/catalog"  	[MsgId: MMSG-26659]
Homepage.c(19): Found resource "https://jpetstore.cfapps.io/images/sm_dogs.gif" in HTML "https://jpetstore.cfapps.io/catalog"  	[MsgId: MMSG-26659]
Homepage.c(19): Found resource "https://jpetstore.cfapps.io/images/sm_reptiles.gif" in HTML "https://jpetstore.cfapps.io/catalog"  	[MsgId: MMSG-26659]
Homepage.c(19): Found resource "https://jpetstore.cfapps.io/images/sm_cats.gif" in HTML "https://jpetstore.cfapps.io/catalog"  	[MsgId: MMSG-26659]
Homepage.c(19): Found resource "https://jpetstore.cfapps.io/images/sm_birds.gif" in HTML "https://jpetstore.cfapps.io/catalog"  	[MsgId: MMSG-26659]
Homepage.c(19): Found resource "https://jpetstore.cfapps.io/images/fish_icon.gif" in HTML "https://jpetstore.cfapps.io/catalog"  	[MsgId: MMSG-26659]
Homepage.c(19): Found resource "https://jpetstore.cfapps.io/images/dogs_icon.gif" in HTML "https://jpetstore.cfapps.io/catalog"  	[MsgId: MMSG-26659]
Homepage.c(19): Found resource "https://jpetstore.cfapps.io/images/reptiles_icon.gif" in HTML "https://jpetstore.cfapps.io/catalog"  	[MsgId: MMSG-26659]
Homepage.c(19): Found resource "https://jpetstore.cfapps.io/images/cats_icon.gif" in HTML "https://jpetstore.cfapps.io/catalog"  	[MsgId: MMSG-26659]
Homepage.c(19): Found resource "https://jpetstore.cfapps.io/images/birds_icon.gif" in HTML "https://jpetstore.cfapps.io/catalog"  	[MsgId: MMSG-26659]
Homepage.c(19): Found resource "https://jpetstore.cfapps.io/images/splash.gif" in HTML "https://jpetstore.cfapps.io/catalog"  	[MsgId: MMSG-26659]
Homepage.c(19): Downloading resource "https://jpetstore.cfapps.io/favicon.ico" (specified by argument number 10)  	[MsgId: MMSG-26577]
Homepage.c(19): Registered web_reg_find successful for "Text=JPetStore Demo" (count=1)  	[MsgId: MMSG-26364]
Homepage.c(19): web_url("catalog") was successful, 56994 body bytes, 8605 header bytes  	[MsgId: MMSG-26386]
Homepage.c(33): Notify: Transaction "01_Display_Homepage" ended with a "Pass" status (Duration: 3.0952 Wasted Time: 0.1132).
SignIn.c(3): Notify: Transaction "02_SignIn" started.
SignIn.c(5): web_reg_find started  	[MsgId: MMSG-26355]
SignIn.c(5): Registering web_reg_find was successful  	[MsgId: MMSG-26390]
SignIn.c(8): web_reg_save_param_ex started  	[MsgId: MMSG-26355]
SignIn.c(8): Registering web_reg_save_param_ex was successful  	[MsgId: MMSG-26390]
SignIn.c(15): web_url("Sign In") started  	[MsgId: MMSG-26355]
SignIn.c(15): Found resource "https://jpetstore.cfapps.io/css/jpetstore.css" in HTML "https://jpetstore.cfapps.io/login"  	[MsgId: MMSG-26659]
SignIn.c(15): Found resource "https://jpetstore.cfapps.io/images/logo-topbar.gif" in HTML "https://jpetstore.cfapps.io/login"  	[MsgId: MMSG-26659]
SignIn.c(15): Found resource "https://jpetstore.cfapps.io/images/cart.gif" in HTML "https://jpetstore.cfapps.io/login"  	[MsgId: MMSG-26659]
SignIn.c(15): Found resource "https://jpetstore.cfapps.io/images/separator.gif" in HTML "https://jpetstore.cfapps.io/login"  	[MsgId: MMSG-26659]
SignIn.c(15): Found resource "https://jpetstore.cfapps.io/images/sm_fish.gif" in HTML "https://jpetstore.cfapps.io/login"  	[MsgId: MMSG-26659]
SignIn.c(15): Found resource "https://jpetstore.cfapps.io/images/sm_dogs.gif" in HTML "https://jpetstore.cfapps.io/login"  	[MsgId: MMSG-26659]
SignIn.c(15): Found resource "https://jpetstore.cfapps.io/images/sm_reptiles.gif" in HTML "https://jpetstore.cfapps.io/login"  	[MsgId: MMSG-26659]
SignIn.c(15): Found resource "https://jpetstore.cfapps.io/images/sm_cats.gif" in HTML "https://jpetstore.cfapps.io/login"  	[MsgId: MMSG-26659]
SignIn.c(15): Found resource "https://jpetstore.cfapps.io/images/sm_birds.gif" in HTML "https://jpetstore.cfapps.io/login"  	[MsgId: MMSG-26659]
SignIn.c(15): Downloading resource "https://jpetstore.cfapps.io/favicon.ico" (specified by argument number 10)  	[MsgId: MMSG-26577]
SignIn.c(15): Registered web_reg_find successful for "Text=JPetStore Demo" (count=1)  	[MsgId: MMSG-26364]
SignIn.c(15): web_url("Sign In") was successful, 16537 body bytes, 5458 header bytes  	[MsgId: MMSG-26386]
SignIn.c(27): Notify: Transaction "02_SignIn" ended with a "Pass" status (Duration: 1.4456 Wasted Time: 0.0840).
SignIn.c(31): Notify: Transaction "03_Login" started.
SignIn.c(33): web_reg_find started  	[MsgId: MMSG-26355]
SignIn.c(33): Registering web_reg_find was successful  	[MsgId: MMSG-26390]
SignIn.c(36): web_submit_data("login") started  	[MsgId: MMSG-26355]
SignIn.c(36): Redirecting "https://jpetstore.cfapps.io/login" (redirection depth is 0)  	[MsgId: MMSG-26694]
SignIn.c(36): To location "https://jpetstore.cfapps.io/catalog"  	[MsgId: MMSG-26693]
SignIn.c(36): Found resource "https://jpetstore.cfapps.io/css/jpetstore.css" in HTML "https://jpetstore.cfapps.io/catalog"  	[MsgId: MMSG-26659]
SignIn.c(36): Found resource "https://jpetstore.cfapps.io/images/logo-topbar.gif" in HTML "https://jpetstore.cfapps.io/catalog"  	[MsgId: MMSG-26659]
SignIn.c(36): Found resource "https://jpetstore.cfapps.io/images/cart.gif" in HTML "https://jpetstore.cfapps.io/catalog"  	[MsgId: MMSG-26659]
SignIn.c(36): Found resource "https://jpetstore.cfapps.io/images/separator.gif" in HTML "https://jpetstore.cfapps.io/catalog"  	[MsgId: MMSG-26659]
SignIn.c(36): Found resource "https://jpetstore.cfapps.io/images/sm_fish.gif" in HTML "https://jpetstore.cfapps.io/catalog"  	[MsgId: MMSG-26659]
SignIn.c(36): Found resource "https://jpetstore.cfapps.io/images/sm_dogs.gif" in HTML "https://jpetstore.cfapps.io/catalog"  	[MsgId: MMSG-26659]
SignIn.c(36): Found resource "https://jpetstore.cfapps.io/images/sm_reptiles.gif" in HTML "https://jpetstore.cfapps.io/catalog"  	[MsgId: MMSG-26659]
SignIn.c(36): Found resource "https://jpetstore.cfapps.io/images/sm_cats.gif" in HTML "https://jpetstore.cfapps.io/catalog"  	[MsgId: MMSG-26659]
SignIn.c(36): Found resource "https://jpetstore.cfapps.io/images/sm_birds.gif" in HTML "https://jpetstore.cfapps.io/catalog"  	[MsgId: MMSG-26659]
SignIn.c(36): Downloading resource "https://jpetstore.cfapps.io/favicon.ico" (specified by argument number 20)  	[MsgId: MMSG-26577]
SignIn.c(36): Found resource "https://jpetstore.cfapps.io/images/fish_icon.gif" in HTML "https://jpetstore.cfapps.io/catalog"  	[MsgId: MMSG-26659]
SignIn.c(36): Found resource "https://jpetstore.cfapps.io/images/dogs_icon.gif" in HTML "https://jpetstore.cfapps.io/catalog"  	[MsgId: MMSG-26659]
SignIn.c(36): Found resource "https://jpetstore.cfapps.io/images/reptiles_icon.gif" in HTML "https://jpetstore.cfapps.io/catalog"  	[MsgId: MMSG-26659]
SignIn.c(36): Found resource "https://jpetstore.cfapps.io/images/cats_icon.gif" in HTML "https://jpetstore.cfapps.io/catalog"  	[MsgId: MMSG-26659]
SignIn.c(36): Found resource "https://jpetstore.cfapps.io/images/birds_icon.gif" in HTML "https://jpetstore.cfapps.io/catalog"  	[MsgId: MMSG-26659]
SignIn.c(36): Found resource "https://jpetstore.cfapps.io/images/splash.gif" in HTML "https://jpetstore.cfapps.io/catalog"  	[MsgId: MMSG-26659]
SignIn.c(36): Registered web_reg_find successful for "Text=Sign Out" (count=1)  	[MsgId: MMSG-26364]
SignIn.c(36): web_submit_data("login") was successful, 57205 body bytes, 9064 header bytes  	[MsgId: MMSG-26386]
SignIn.c(52): Notify: Transaction "03_Login" ended with a "Pass" status (Duration: 3.8717 Wasted Time: 0.0681).
Ending action vuser_init.
Running Vuser...
Starting iteration 1.
Warning -27077: The "vuser_init" section contains web function(s) when the "Simulate a new user on each iteration" Runtime Setting is ON.  This may produce unpredictable results with multiple iterations  	[MsgId: MWAR-27077]
Maximum number of concurrent connections per server: 6  	[MsgId: MMSG-26989]
Starting action Pilote.
Categories.c(3): Notify: Transaction "04_Click_Category" started.
Categories.c(5): web_reg_find started  	[MsgId: MMSG-26355]
Categories.c(5): Registering web_reg_find was successful  	[MsgId: MMSG-26390]
Categories.c(8): web_reg_find started  	[MsgId: MMSG-26355]
Categories.c(8): Registering web_reg_find was successful  	[MsgId: MMSG-26390]
Categories.c(11): web_reg_find started  	[MsgId: MMSG-26355]
Categories.c(11): Registering web_reg_find was successful  	[MsgId: MMSG-26390]
Categories.c(14): web_reg_save_param_ex started  	[MsgId: MMSG-26355]
Categories.c(14): Registering web_reg_save_param_ex was successful  	[MsgId: MMSG-26390]
Categories.c(21): web_url("sm_fish.gif") started  	[MsgId: MMSG-26355]
Categories.c(21): Found resource "https://jpetstore.cfapps.io/css/jpetstore.css" in HTML "https://jpetstore.cfapps.io/catalog/categories/FISH"  	[MsgId: MMSG-26659]
Categories.c(21): Found resource "https://jpetstore.cfapps.io/images/logo-topbar.gif" in HTML "https://jpetstore.cfapps.io/catalog/categories/FISH"  	[MsgId: MMSG-26659]
Categories.c(21): Found resource "https://jpetstore.cfapps.io/images/cart.gif" in HTML "https://jpetstore.cfapps.io/catalog/categories/FISH"  	[MsgId: MMSG-26659]
Categories.c(21): Found resource "https://jpetstore.cfapps.io/images/separator.gif" in HTML "https://jpetstore.cfapps.io/catalog/categories/FISH"  	[MsgId: MMSG-26659]
Categories.c(21): Found resource "https://jpetstore.cfapps.io/images/sm_fish.gif" in HTML "https://jpetstore.cfapps.io/catalog/categories/FISH"  	[MsgId: MMSG-26659]
Categories.c(21): Found resource "https://jpetstore.cfapps.io/images/sm_dogs.gif" in HTML "https://jpetstore.cfapps.io/catalog/categories/FISH"  	[MsgId: MMSG-26659]
Categories.c(21): Found resource "https://jpetstore.cfapps.io/images/sm_reptiles.gif" in HTML "https://jpetstore.cfapps.io/catalog/categories/FISH"  	[MsgId: MMSG-26659]
Categories.c(21): Found resource "https://jpetstore.cfapps.io/images/sm_cats.gif" in HTML "https://jpetstore.cfapps.io/catalog/categories/FISH"  	[MsgId: MMSG-26659]
Categories.c(21): Found resource "https://jpetstore.cfapps.io/images/sm_birds.gif" in HTML "https://jpetstore.cfapps.io/catalog/categories/FISH"  	[MsgId: MMSG-26659]
Categories.c(21): Downloading resource "https://jpetstore.cfapps.io/favicon.ico" (specified by argument number 10)  	[MsgId: MMSG-26577]
Categories.c(21): Registered web_reg_find successful for "Text=JPetStore Demo" (count=1)  	[MsgId: MMSG-26364]
Categories.c(21): Registered web_reg_find successful for "Text=Product ID" (count=1)  	[MsgId: MMSG-26364]
Categories.c(21): Registered web_reg_find successful for "Text=Name" (count=1)  	[MsgId: MMSG-26364]
Categories.c(21): web_url("sm_fish.gif") was successful, 17227 body bytes, 5452 header bytes  	[MsgId: MMSG-26386]
Categories.c(35): Notify: Transaction "04_Click_Category" ended with a "Pass" status (Duration: 1.3798 Wasted Time: 0.0511).
Products.c(3): Notify: Transaction "05_Click_ProductID" started.
Products.c(5): web_reg_find started  	[MsgId: MMSG-26355]
Products.c(5): Registering web_reg_find was successful  	[MsgId: MMSG-26390]
Products.c(8): web_reg_save_param_ex started  	[MsgId: MMSG-26355]
Products.c(8): Registering web_reg_save_param_ex was successful  	[MsgId: MMSG-26390]
Products.c(15): web_url("FI-SW-01") started  	[MsgId: MMSG-26355]
Products.c(15): Found resource "https://jpetstore.cfapps.io/css/jpetstore.css" in HTML "https://jpetstore.cfapps.io/catalog/products/FI-SW-01"  	[MsgId: MMSG-26659]
Products.c(15): Found resource "https://jpetstore.cfapps.io/images/logo-topbar.gif" in HTML "https://jpetstore.cfapps.io/catalog/products/FI-SW-01"  	[MsgId: MMSG-26659]
Products.c(15): Found resource "https://jpetstore.cfapps.io/images/cart.gif" in HTML "https://jpetstore.cfapps.io/catalog/products/FI-SW-01"  	[MsgId: MMSG-26659]
Products.c(15): Found resource "https://jpetstore.cfapps.io/images/separator.gif" in HTML "https://jpetstore.cfapps.io/catalog/products/FI-SW-01"  	[MsgId: MMSG-26659]
Products.c(15): Found resource "https://jpetstore.cfapps.io/images/sm_fish.gif" in HTML "https://jpetstore.cfapps.io/catalog/products/FI-SW-01"  	[MsgId: MMSG-26659]
Products.c(15): Found resource "https://jpetstore.cfapps.io/images/sm_dogs.gif" in HTML "https://jpetstore.cfapps.io/catalog/products/FI-SW-01"  	[MsgId: MMSG-26659]
Products.c(15): Found resource "https://jpetstore.cfapps.io/images/sm_reptiles.gif" in HTML "https://jpetstore.cfapps.io/catalog/products/FI-SW-01"  	[MsgId: MMSG-26659]
Products.c(15): Found resource "https://jpetstore.cfapps.io/images/sm_cats.gif" in HTML "https://jpetstore.cfapps.io/catalog/products/FI-SW-01"  	[MsgId: MMSG-26659]
Products.c(15): Found resource "https://jpetstore.cfapps.io/images/sm_birds.gif" in HTML "https://jpetstore.cfapps.io/catalog/products/FI-SW-01"  	[MsgId: MMSG-26659]
Products.c(15): Downloading resource "https://jpetstore.cfapps.io/favicon.ico" (specified by argument number 10)  	[MsgId: MMSG-26577]
Products.c(15): Registered web_reg_find successful for "Text=JPetStore Demo" (count=1)  	[MsgId: MMSG-26364]
Products.c(15): web_url("FI-SW-01") was successful, 18117 body bytes, 5452 header bytes  	[MsgId: MMSG-26386]
Products.c(27): Notify: Transaction "05_Click_ProductID" ended with a "Pass" status (Duration: 1.3808 Wasted Time: 0.0957).
Items.c(3): Notify: Transaction "06_Click_ItemID" started.
Items.c(5): web_reg_find started  	[MsgId: MMSG-26355]
Items.c(5): Registering web_reg_find was successful  	[MsgId: MMSG-26390]
Items.c(10): web_url("EST-1") started  	[MsgId: MMSG-26355]
Items.c(10): Found resource "https://jpetstore.cfapps.io/css/jpetstore.css" in HTML "https://jpetstore.cfapps.io/catalog/items/EST-1"  	[MsgId: MMSG-26659]
Items.c(10): Found resource "https://jpetstore.cfapps.io/images/logo-topbar.gif" in HTML "https://jpetstore.cfapps.io/catalog/items/EST-1"  	[MsgId: MMSG-26659]
Items.c(10): Found resource "https://jpetstore.cfapps.io/images/cart.gif" in HTML "https://jpetstore.cfapps.io/catalog/items/EST-1"  	[MsgId: MMSG-26659]
Items.c(10): Found resource "https://jpetstore.cfapps.io/images/separator.gif" in HTML "https://jpetstore.cfapps.io/catalog/items/EST-1"  	[MsgId: MMSG-26659]
Items.c(10): Found resource "https://jpetstore.cfapps.io/images/sm_fish.gif" in HTML "https://jpetstore.cfapps.io/catalog/items/EST-1"  	[MsgId: MMSG-26659]
Items.c(10): Found resource "https://jpetstore.cfapps.io/images/sm_dogs.gif" in HTML "https://jpetstore.cfapps.io/catalog/items/EST-1"  	[MsgId: MMSG-26659]
Items.c(10): Found resource "https://jpetstore.cfapps.io/images/sm_reptiles.gif" in HTML "https://jpetstore.cfapps.io/catalog/items/EST-1"  	[MsgId: MMSG-26659]
Items.c(10): Found resource "https://jpetstore.cfapps.io/images/sm_cats.gif" in HTML "https://jpetstore.cfapps.io/catalog/items/EST-1"  	[MsgId: MMSG-26659]
Items.c(10): Found resource "https://jpetstore.cfapps.io/images/sm_birds.gif" in HTML "https://jpetstore.cfapps.io/catalog/items/EST-1"  	[MsgId: MMSG-26659]
Items.c(10): Found resource "https://jpetstore.cfapps.io/images/fish1.gif" in HTML "https://jpetstore.cfapps.io/catalog/items/EST-1"  	[MsgId: MMSG-26659]
Items.c(10): Downloading resource "https://jpetstore.cfapps.io/favicon.ico" (specified by argument number 10)  	[MsgId: MMSG-26577]
Items.c(10): Registered web_reg_find successful for "Text=JPetStore Demo" (count=1)  	[MsgId: MMSG-26364]
Items.c(10): web_url("EST-1") was successful, 30409 body bytes, 5952 header bytes  	[MsgId: MMSG-26386]
Items.c(22): Notify: Transaction "06_Click_ItemID" ended with a "Pass" status (Duration: 1.1459 Wasted Time: 0.0561).
AddToCart.c(3): Notify: Transaction "07_Click_AddToCart" started.
AddToCart.c(5): web_reg_find started  	[MsgId: MMSG-26355]
AddToCart.c(5): Registering web_reg_find was successful  	[MsgId: MMSG-26390]
AddToCart.c(8): web_reg_save_param_ex started  	[MsgId: MMSG-26355]
AddToCart.c(8): Registering web_reg_save_param_ex was successful  	[MsgId: MMSG-26390]
AddToCart.c(15): web_url("Add to Cart") started  	[MsgId: MMSG-26355]
AddToCart.c(15): Redirecting "https://jpetstore.cfapps.io/cart?add&itemId=EST-1" (redirection depth is 0)  	[MsgId: MMSG-26694]
AddToCart.c(15): To location "https://jpetstore.cfapps.io/cart"  	[MsgId: MMSG-26693]
AddToCart.c(15): Found resource "https://jpetstore.cfapps.io/css/jpetstore.css" in HTML "https://jpetstore.cfapps.io/cart"  	[MsgId: MMSG-26659]
AddToCart.c(15): Found resource "https://jpetstore.cfapps.io/images/logo-topbar.gif" in HTML "https://jpetstore.cfapps.io/cart"  	[MsgId: MMSG-26659]
AddToCart.c(15): Found resource "https://jpetstore.cfapps.io/images/cart.gif" in HTML "https://jpetstore.cfapps.io/cart"  	[MsgId: MMSG-26659]
AddToCart.c(15): Found resource "https://jpetstore.cfapps.io/images/separator.gif" in HTML "https://jpetstore.cfapps.io/cart"  	[MsgId: MMSG-26659]
AddToCart.c(15): Found resource "https://jpetstore.cfapps.io/images/sm_fish.gif" in HTML "https://jpetstore.cfapps.io/cart"  	[MsgId: MMSG-26659]
AddToCart.c(15): Found resource "https://jpetstore.cfapps.io/images/sm_dogs.gif" in HTML "https://jpetstore.cfapps.io/cart"  	[MsgId: MMSG-26659]
AddToCart.c(15): Found resource "https://jpetstore.cfapps.io/images/sm_reptiles.gif" in HTML "https://jpetstore.cfapps.io/cart"  	[MsgId: MMSG-26659]
AddToCart.c(15): Found resource "https://jpetstore.cfapps.io/images/sm_cats.gif" in HTML "https://jpetstore.cfapps.io/cart"  	[MsgId: MMSG-26659]
AddToCart.c(15): Found resource "https://jpetstore.cfapps.io/images/sm_birds.gif" in HTML "https://jpetstore.cfapps.io/cart"  	[MsgId: MMSG-26659]
AddToCart.c(15): Downloading resource "https://jpetstore.cfapps.io/favicon.ico" (specified by argument number 10)  	[MsgId: MMSG-26577]
AddToCart.c(15): Registered web_reg_find successful for "Text=JPetStore Demo" (count=1)  	[MsgId: MMSG-26364]
AddToCart.c(15): web_url("Add to Cart") was successful, 19101 body bytes, 5933 header bytes  	[MsgId: MMSG-26386]
AddToCart.c(27): Notify: Transaction "07_Click_AddToCart" ended with a "Pass" status (Duration: 1.6428 Wasted Time: 0.0634).
Items.c(3): Notify: Transaction "06_Click_ItemID" started.
Items.c(5): web_reg_find started  	[MsgId: MMSG-26355]
Items.c(5): Registering web_reg_find was successful  	[MsgId: MMSG-26390]
Items.c(10): web_url("EST-1") started  	[MsgId: MMSG-26355]
Items.c(10): Found resource "https://jpetstore.cfapps.io/css/jpetstore.css" in HTML "https://jpetstore.cfapps.io/catalog/items/EST-2"  	[MsgId: MMSG-26659]
Items.c(10): Found resource "https://jpetstore.cfapps.io/images/logo-topbar.gif" in HTML "https://jpetstore.cfapps.io/catalog/items/EST-2"  	[MsgId: MMSG-26659]
Items.c(10): Found resource "https://jpetstore.cfapps.io/images/cart.gif" in HTML "https://jpetstore.cfapps.io/catalog/items/EST-2"  	[MsgId: MMSG-26659]
Items.c(10): Found resource "https://jpetstore.cfapps.io/images/separator.gif" in HTML "https://jpetstore.cfapps.io/catalog/items/EST-2"  	[MsgId: MMSG-26659]
Items.c(10): Found resource "https://jpetstore.cfapps.io/images/sm_fish.gif" in HTML "https://jpetstore.cfapps.io/catalog/items/EST-2"  	[MsgId: MMSG-26659]
Items.c(10): Found resource "https://jpetstore.cfapps.io/images/sm_dogs.gif" in HTML "https://jpetstore.cfapps.io/catalog/items/EST-2"  	[MsgId: MMSG-26659]
Items.c(10): Found resource "https://jpetstore.cfapps.io/images/sm_reptiles.gif" in HTML "https://jpetstore.cfapps.io/catalog/items/EST-2"  	[MsgId: MMSG-26659]
Items.c(10): Found resource "https://jpetstore.cfapps.io/images/sm_cats.gif" in HTML "https://jpetstore.cfapps.io/catalog/items/EST-2"  	[MsgId: MMSG-26659]
Items.c(10): Found resource "https://jpetstore.cfapps.io/images/sm_birds.gif" in HTML "https://jpetstore.cfapps.io/catalog/items/EST-2"  	[MsgId: MMSG-26659]
Items.c(10): Found resource "https://jpetstore.cfapps.io/images/fish1.gif" in HTML "https://jpetstore.cfapps.io/catalog/items/EST-2"  	[MsgId: MMSG-26659]
Items.c(10): Downloading resource "https://jpetstore.cfapps.io/favicon.ico" (specified by argument number 10)  	[MsgId: MMSG-26577]
Items.c(10): Registered web_reg_find successful for "Text=JPetStore Demo" (count=1)  	[MsgId: MMSG-26364]
Items.c(10): web_url("EST-1") was successful, 30410 body bytes, 5952 header bytes  	[MsgId: MMSG-26386]
Items.c(22): Notify: Transaction "06_Click_ItemID" ended with a "Pass" status (Duration: 1.2631 Wasted Time: 0.0459).
AddToCart.c(3): Notify: Transaction "07_Click_AddToCart" started.
AddToCart.c(5): web_reg_find started  	[MsgId: MMSG-26355]
AddToCart.c(5): Registering web_reg_find was successful  	[MsgId: MMSG-26390]
AddToCart.c(8): web_reg_save_param_ex started  	[MsgId: MMSG-26355]
AddToCart.c(8): Registering web_reg_save_param_ex was successful  	[MsgId: MMSG-26390]
AddToCart.c(15): web_url("Add to Cart") started  	[MsgId: MMSG-26355]
AddToCart.c(15): Redirecting "https://jpetstore.cfapps.io/cart?add&itemId=EST-2" (redirection depth is 0)  	[MsgId: MMSG-26694]
AddToCart.c(15): To location "https://jpetstore.cfapps.io/cart"  	[MsgId: MMSG-26693]
AddToCart.c(15): Found resource "https://jpetstore.cfapps.io/css/jpetstore.css" in HTML "https://jpetstore.cfapps.io/cart"  	[MsgId: MMSG-26659]
AddToCart.c(15): Found resource "https://jpetstore.cfapps.io/images/logo-topbar.gif" in HTML "https://jpetstore.cfapps.io/cart"  	[MsgId: MMSG-26659]
AddToCart.c(15): Found resource "https://jpetstore.cfapps.io/images/cart.gif" in HTML "https://jpetstore.cfapps.io/cart"  	[MsgId: MMSG-26659]
AddToCart.c(15): Found resource "https://jpetstore.cfapps.io/images/separator.gif" in HTML "https://jpetstore.cfapps.io/cart"  	[MsgId: MMSG-26659]
AddToCart.c(15): Found resource "https://jpetstore.cfapps.io/images/sm_fish.gif" in HTML "https://jpetstore.cfapps.io/cart"  	[MsgId: MMSG-26659]
AddToCart.c(15): Found resource "https://jpetstore.cfapps.io/images/sm_dogs.gif" in HTML "https://jpetstore.cfapps.io/cart"  	[MsgId: MMSG-26659]
AddToCart.c(15): Found resource "https://jpetstore.cfapps.io/images/sm_reptiles.gif" in HTML "https://jpetstore.cfapps.io/cart"  	[MsgId: MMSG-26659]
AddToCart.c(15): Found resource "https://jpetstore.cfapps.io/images/sm_cats.gif" in HTML "https://jpetstore.cfapps.io/cart"  	[MsgId: MMSG-26659]
AddToCart.c(15): Found resource "https://jpetstore.cfapps.io/images/sm_birds.gif" in HTML "https://jpetstore.cfapps.io/cart"  	[MsgId: MMSG-26659]
AddToCart.c(15): Downloading resource "https://jpetstore.cfapps.io/favicon.ico" (specified by argument number 10)  	[MsgId: MMSG-26577]
AddToCart.c(15): Registered web_reg_find successful for "Text=JPetStore Demo" (count=1)  	[MsgId: MMSG-26364]
AddToCart.c(15): web_url("Add to Cart") was successful, 20648 body bytes, 5927 header bytes  	[MsgId: MMSG-26386]
AddToCart.c(27): Notify: Transaction "07_Click_AddToCart" ended with a "Pass" status (Duration: 1.5126 Wasted Time: 0.0892).
Products.c(3): Notify: Transaction "05_Click_ProductID" started.
Products.c(5): web_reg_find started  	[MsgId: MMSG-26355]
Products.c(5): Registering web_reg_find was successful  	[MsgId: MMSG-26390]
Products.c(8): web_reg_save_param_ex started  	[MsgId: MMSG-26355]
Products.c(8): Registering web_reg_save_param_ex was successful  	[MsgId: MMSG-26390]
Products.c(15): web_url("FI-SW-01") started  	[MsgId: MMSG-26355]
Products.c(15): Found resource "https://jpetstore.cfapps.io/css/jpetstore.css" in HTML "https://jpetstore.cfapps.io/catalog/products/FI-SW-02"  	[MsgId: MMSG-26659]
Products.c(15): Found resource "https://jpetstore.cfapps.io/images/logo-topbar.gif" in HTML "https://jpetstore.cfapps.io/catalog/products/FI-SW-02"  	[MsgId: MMSG-26659]
Products.c(15): Found resource "https://jpetstore.cfapps.io/images/cart.gif" in HTML "https://jpetstore.cfapps.io/catalog/products/FI-SW-02"  	[MsgId: MMSG-26659]
Products.c(15): Found resource "https://jpetstore.cfapps.io/images/separator.gif" in HTML "https://jpetstore.cfapps.io/catalog/products/FI-SW-02"  	[MsgId: MMSG-26659]
Products.c(15): Found resource "https://jpetstore.cfapps.io/images/sm_fish.gif" in HTML "https://jpetstore.cfapps.io/catalog/products/FI-SW-02"  	[MsgId: MMSG-26659]
Products.c(15): Found resource "https://jpetstore.cfapps.io/images/sm_dogs.gif" in HTML "https://jpetstore.cfapps.io/catalog/products/FI-SW-02"  	[MsgId: MMSG-26659]
Products.c(15): Found resource "https://jpetstore.cfapps.io/images/sm_reptiles.gif" in HTML "https://jpetstore.cfapps.io/catalog/products/FI-SW-02"  	[MsgId: MMSG-26659]
Products.c(15): Found resource "https://jpetstore.cfapps.io/images/sm_cats.gif" in HTML "https://jpetstore.cfapps.io/catalog/products/FI-SW-02"  	[MsgId: MMSG-26659]
Products.c(15): Found resource "https://jpetstore.cfapps.io/images/sm_birds.gif" in HTML "https://jpetstore.cfapps.io/catalog/products/FI-SW-02"  	[MsgId: MMSG-26659]
Products.c(15): Downloading resource "https://jpetstore.cfapps.io/favicon.ico" (specified by argument number 10)  	[MsgId: MMSG-26577]
Products.c(15): Registered web_reg_find successful for "Text=JPetStore Demo" (count=1)  	[MsgId: MMSG-26364]
Products.c(15): web_url("FI-SW-01") was successful, 17343 body bytes, 5452 header bytes  	[MsgId: MMSG-26386]
Products.c(27): Notify: Transaction "05_Click_ProductID" ended with a "Pass" status (Duration: 1.3279 Wasted Time: 0.0459).
Items.c(3): Notify: Transaction "06_Click_ItemID" started.
Items.c(5): web_reg_find started  	[MsgId: MMSG-26355]
Items.c(5): Registering web_reg_find was successful  	[MsgId: MMSG-26390]
Items.c(10): web_url("EST-1") started  	[MsgId: MMSG-26355]
Items.c(10): Found resource "https://jpetstore.cfapps.io/css/jpetstore.css" in HTML "https://jpetstore.cfapps.io/catalog/items/EST-3"  	[MsgId: MMSG-26659]
Items.c(10): Found resource "https://jpetstore.cfapps.io/images/logo-topbar.gif" in HTML "https://jpetstore.cfapps.io/catalog/items/EST-3"  	[MsgId: MMSG-26659]
Items.c(10): Found resource "https://jpetstore.cfapps.io/images/cart.gif" in HTML "https://jpetstore.cfapps.io/catalog/items/EST-3"  	[MsgId: MMSG-26659]
Items.c(10): Found resource "https://jpetstore.cfapps.io/images/separator.gif" in HTML "https://jpetstore.cfapps.io/catalog/items/EST-3"  	[MsgId: MMSG-26659]
Items.c(10): Found resource "https://jpetstore.cfapps.io/images/sm_fish.gif" in HTML "https://jpetstore.cfapps.io/catalog/items/EST-3"  	[MsgId: MMSG-26659]
Items.c(10): Found resource "https://jpetstore.cfapps.io/images/sm_dogs.gif" in HTML "https://jpetstore.cfapps.io/catalog/items/EST-3"  	[MsgId: MMSG-26659]
Items.c(10): Found resource "https://jpetstore.cfapps.io/images/sm_reptiles.gif" in HTML "https://jpetstore.cfapps.io/catalog/items/EST-3"  	[MsgId: MMSG-26659]
Items.c(10): Found resource "https://jpetstore.cfapps.io/images/sm_cats.gif" in HTML "https://jpetstore.cfapps.io/catalog/items/EST-3"  	[MsgId: MMSG-26659]
Items.c(10): Found resource "https://jpetstore.cfapps.io/images/sm_birds.gif" in HTML "https://jpetstore.cfapps.io/catalog/items/EST-3"  	[MsgId: MMSG-26659]
Items.c(10): Downloading resource "https://jpetstore.cfapps.io/favicon.ico" (specified by argument number 10)  	[MsgId: MMSG-26577]
Items.c(10): Found resource "https://jpetstore.cfapps.io/images/fish4.gif" in HTML "https://jpetstore.cfapps.io/catalog/items/EST-3"  	[MsgId: MMSG-26659]
Items.c(10): Registered web_reg_find successful for "Text=JPetStore Demo" (count=1)  	[MsgId: MMSG-26364]
Items.c(10): web_url("EST-1") was successful, 29115 body bytes, 5958 header bytes  	[MsgId: MMSG-26386]
Items.c(22): Notify: Transaction "06_Click_ItemID" ended with a "Pass" status (Duration: 1.3414 Wasted Time: 0.0893).
AddToCart.c(3): Notify: Transaction "07_Click_AddToCart" started.
AddToCart.c(5): web_reg_find started  	[MsgId: MMSG-26355]
AddToCart.c(5): Registering web_reg_find was successful  	[MsgId: MMSG-26390]
AddToCart.c(8): web_reg_save_param_ex started  	[MsgId: MMSG-26355]
AddToCart.c(8): Registering web_reg_save_param_ex was successful  	[MsgId: MMSG-26390]
AddToCart.c(15): web_url("Add to Cart") started  	[MsgId: MMSG-26355]
AddToCart.c(15): Redirecting "https://jpetstore.cfapps.io/cart?add&itemId=EST-3" (redirection depth is 0)  	[MsgId: MMSG-26694]
AddToCart.c(15): To location "https://jpetstore.cfapps.io/cart"  	[MsgId: MMSG-26693]
AddToCart.c(15): Found resource "https://jpetstore.cfapps.io/css/jpetstore.css" in HTML "https://jpetstore.cfapps.io/cart"  	[MsgId: MMSG-26659]
AddToCart.c(15): Found resource "https://jpetstore.cfapps.io/images/logo-topbar.gif" in HTML "https://jpetstore.cfapps.io/cart"  	[MsgId: MMSG-26659]
AddToCart.c(15): Found resource "https://jpetstore.cfapps.io/images/cart.gif" in HTML "https://jpetstore.cfapps.io/cart"  	[MsgId: MMSG-26659]
AddToCart.c(15): Found resource "https://jpetstore.cfapps.io/images/separator.gif" in HTML "https://jpetstore.cfapps.io/cart"  	[MsgId: MMSG-26659]
AddToCart.c(15): Found resource "https://jpetstore.cfapps.io/images/sm_fish.gif" in HTML "https://jpetstore.cfapps.io/cart"  	[MsgId: MMSG-26659]
AddToCart.c(15): Found resource "https://jpetstore.cfapps.io/images/sm_dogs.gif" in HTML "https://jpetstore.cfapps.io/cart"  	[MsgId: MMSG-26659]
AddToCart.c(15): Found resource "https://jpetstore.cfapps.io/images/sm_reptiles.gif" in HTML "https://jpetstore.cfapps.io/cart"  	[MsgId: MMSG-26659]
AddToCart.c(15): Found resource "https://jpetstore.cfapps.io/images/sm_cats.gif" in HTML "https://jpetstore.cfapps.io/cart"  	[MsgId: MMSG-26659]
AddToCart.c(15): Found resource "https://jpetstore.cfapps.io/images/sm_birds.gif" in HTML "https://jpetstore.cfapps.io/cart"  	[MsgId: MMSG-26659]
AddToCart.c(15): Downloading resource "https://jpetstore.cfapps.io/favicon.ico" (specified by argument number 10)  	[MsgId: MMSG-26577]
AddToCart.c(15): Registered web_reg_find successful for "Text=JPetStore Demo" (count=1)  	[MsgId: MMSG-26364]
AddToCart.c(15): web_url("Add to Cart") was successful, 22201 body bytes, 5927 header bytes  	[MsgId: MMSG-26386]
AddToCart.c(27): Notify: Transaction "07_Click_AddToCart" ended with a "Pass" status (Duration: 1.5122 Wasted Time: 0.0813).
Products.c(3): Notify: Transaction "05_Click_ProductID" started.
Products.c(5): web_reg_find started  	[MsgId: MMSG-26355]
Products.c(5): Registering web_reg_find was successful  	[MsgId: MMSG-26390]
Products.c(8): web_reg_save_param_ex started  	[MsgId: MMSG-26355]
Products.c(8): Registering web_reg_save_param_ex was successful  	[MsgId: MMSG-26390]
Products.c(15): web_url("FI-SW-01") started  	[MsgId: MMSG-26355]
Products.c(15): Found resource "https://jpetstore.cfapps.io/css/jpetstore.css" in HTML "https://jpetstore.cfapps.io/catalog/products/FI-FW-01"  	[MsgId: MMSG-26659]
Products.c(15): Found resource "https://jpetstore.cfapps.io/images/logo-topbar.gif" in HTML "https://jpetstore.cfapps.io/catalog/products/FI-FW-01"  	[MsgId: MMSG-26659]
Products.c(15): Found resource "https://jpetstore.cfapps.io/images/cart.gif" in HTML "https://jpetstore.cfapps.io/catalog/products/FI-FW-01"  	[MsgId: MMSG-26659]
Products.c(15): Found resource "https://jpetstore.cfapps.io/images/separator.gif" in HTML "https://jpetstore.cfapps.io/catalog/products/FI-FW-01"  	[MsgId: MMSG-26659]
Products.c(15): Found resource "https://jpetstore.cfapps.io/images/sm_fish.gif" in HTML "https://jpetstore.cfapps.io/catalog/products/FI-FW-01"  	[MsgId: MMSG-26659]
Products.c(15): Found resource "https://jpetstore.cfapps.io/images/sm_dogs.gif" in HTML "https://jpetstore.cfapps.io/catalog/products/FI-FW-01"  	[MsgId: MMSG-26659]
Products.c(15): Found resource "https://jpetstore.cfapps.io/images/sm_reptiles.gif" in HTML "https://jpetstore.cfapps.io/catalog/products/FI-FW-01"  	[MsgId: MMSG-26659]
Products.c(15): Found resource "https://jpetstore.cfapps.io/images/sm_cats.gif" in HTML "https://jpetstore.cfapps.io/catalog/products/FI-FW-01"  	[MsgId: MMSG-26659]
Products.c(15): Found resource "https://jpetstore.cfapps.io/images/sm_birds.gif" in HTML "https://jpetstore.cfapps.io/catalog/products/FI-FW-01"  	[MsgId: MMSG-26659]
Products.c(15): Downloading resource "https://jpetstore.cfapps.io/favicon.ico" (specified by argument number 10)  	[MsgId: MMSG-26577]
Products.c(15): Registered web_reg_find successful for "Text=JPetStore Demo" (count=1)  	[MsgId: MMSG-26364]
Products.c(15): web_url("FI-SW-01") was successful, 18104 body bytes, 5458 header bytes  	[MsgId: MMSG-26386]
Products.c(27): Notify: Transaction "05_Click_ProductID" ended with a "Pass" status (Duration: 1.4671 Wasted Time: 0.0881).
Items.c(3): Notify: Transaction "06_Click_ItemID" started.
Items.c(5): web_reg_find started  	[MsgId: MMSG-26355]
Items.c(5): Registering web_reg_find was successful  	[MsgId: MMSG-26390]
Items.c(10): web_url("EST-1") started  	[MsgId: MMSG-26355]
Items.c(10): Found resource "https://jpetstore.cfapps.io/css/jpetstore.css" in HTML "https://jpetstore.cfapps.io/catalog/items/EST-4"  	[MsgId: MMSG-26659]
Items.c(10): Found resource "https://jpetstore.cfapps.io/images/logo-topbar.gif" in HTML "https://jpetstore.cfapps.io/catalog/items/EST-4"  	[MsgId: MMSG-26659]
Items.c(10): Found resource "https://jpetstore.cfapps.io/images/cart.gif" in HTML "https://jpetstore.cfapps.io/catalog/items/EST-4"  	[MsgId: MMSG-26659]
Items.c(10): Found resource "https://jpetstore.cfapps.io/images/separator.gif" in HTML "https://jpetstore.cfapps.io/catalog/items/EST-4"  	[MsgId: MMSG-26659]
Items.c(10): Found resource "https://jpetstore.cfapps.io/images/sm_fish.gif" in HTML "https://jpetstore.cfapps.io/catalog/items/EST-4"  	[MsgId: MMSG-26659]
Items.c(10): Found resource "https://jpetstore.cfapps.io/images/sm_dogs.gif" in HTML "https://jpetstore.cfapps.io/catalog/items/EST-4"  	[MsgId: MMSG-26659]
Items.c(10): Found resource "https://jpetstore.cfapps.io/images/sm_reptiles.gif" in HTML "https://jpetstore.cfapps.io/catalog/items/EST-4"  	[MsgId: MMSG-26659]
Items.c(10): Found resource "https://jpetstore.cfapps.io/images/sm_cats.gif" in HTML "https://jpetstore.cfapps.io/catalog/items/EST-4"  	[MsgId: MMSG-26659]
Items.c(10): Found resource "https://jpetstore.cfapps.io/images/sm_birds.gif" in HTML "https://jpetstore.cfapps.io/catalog/items/EST-4"  	[MsgId: MMSG-26659]
Items.c(10): Downloading resource "https://jpetstore.cfapps.io/favicon.ico" (specified by argument number 10)  	[MsgId: MMSG-26577]
Items.c(10): Found resource "https://jpetstore.cfapps.io/images/fish3.gif" in HTML "https://jpetstore.cfapps.io/catalog/items/EST-4"  	[MsgId: MMSG-26659]
Items.c(10): Registered web_reg_find successful for "Text=JPetStore Demo" (count=1)  	[MsgId: MMSG-26364]
Items.c(10): web_url("EST-1") was successful, 29238 body bytes, 5958 header bytes  	[MsgId: MMSG-26386]
Items.c(22): Notify: Transaction "06_Click_ItemID" ended with a "Pass" status (Duration: 1.5280 Wasted Time: 0.0870).
AddToCart.c(3): Notify: Transaction "07_Click_AddToCart" started.
AddToCart.c(5): web_reg_find started  	[MsgId: MMSG-26355]
AddToCart.c(5): Registering web_reg_find was successful  	[MsgId: MMSG-26390]
AddToCart.c(8): web_reg_save_param_ex started  	[MsgId: MMSG-26355]
AddToCart.c(8): Registering web_reg_save_param_ex was successful  	[MsgId: MMSG-26390]
AddToCart.c(15): web_url("Add to Cart") started  	[MsgId: MMSG-26355]
AddToCart.c(15): Redirecting "https://jpetstore.cfapps.io/cart?add&itemId=EST-4" (redirection depth is 0)  	[MsgId: MMSG-26694]
AddToCart.c(15): To location "https://jpetstore.cfapps.io/cart"  	[MsgId: MMSG-26693]
AddToCart.c(15): Found resource "https://jpetstore.cfapps.io/css/jpetstore.css" in HTML "https://jpetstore.cfapps.io/cart"  	[MsgId: MMSG-26659]
AddToCart.c(15): Found resource "https://jpetstore.cfapps.io/images/logo-topbar.gif" in HTML "https://jpetstore.cfapps.io/cart"  	[MsgId: MMSG-26659]
AddToCart.c(15): Found resource "https://jpetstore.cfapps.io/images/cart.gif" in HTML "https://jpetstore.cfapps.io/cart"  	[MsgId: MMSG-26659]
AddToCart.c(15): Found resource "https://jpetstore.cfapps.io/images/separator.gif" in HTML "https://jpetstore.cfapps.io/cart"  	[MsgId: MMSG-26659]
AddToCart.c(15): Found resource "https://jpetstore.cfapps.io/images/sm_fish.gif" in HTML "https://jpetstore.cfapps.io/cart"  	[MsgId: MMSG-26659]
AddToCart.c(15): Found resource "https://jpetstore.cfapps.io/images/sm_dogs.gif" in HTML "https://jpetstore.cfapps.io/cart"  	[MsgId: MMSG-26659]
AddToCart.c(15): Found resource "https://jpetstore.cfapps.io/images/sm_reptiles.gif" in HTML "https://jpetstore.cfapps.io/cart"  	[MsgId: MMSG-26659]
AddToCart.c(15): Found resource "https://jpetstore.cfapps.io/images/sm_cats.gif" in HTML "https://jpetstore.cfapps.io/cart"  	[MsgId: MMSG-26659]
AddToCart.c(15): Found resource "https://jpetstore.cfapps.io/images/sm_birds.gif" in HTML "https://jpetstore.cfapps.io/cart"  	[MsgId: MMSG-26659]
AddToCart.c(15): Downloading resource "https://jpetstore.cfapps.io/favicon.ico" (specified by argument number 10)  	[MsgId: MMSG-26577]
AddToCart.c(15): Registered web_reg_find successful for "Text=JPetStore Demo" (count=1)  	[MsgId: MMSG-26364]
AddToCart.c(15): web_url("Add to Cart") was successful, 23744 body bytes, 5933 header bytes  	[MsgId: MMSG-26386]
AddToCart.c(27): Notify: Transaction "07_Click_AddToCart" ended with a "Pass" status (Duration: 1.5253 Wasted Time: 0.1002).
Items.c(3): Notify: Transaction "06_Click_ItemID" started.
Items.c(5): web_reg_find started  	[MsgId: MMSG-26355]
Items.c(5): Registering web_reg_find was successful  	[MsgId: MMSG-26390]
Items.c(10): web_url("EST-1") started  	[MsgId: MMSG-26355]
Items.c(10): Found resource "https://jpetstore.cfapps.io/css/jpetstore.css" in HTML "https://jpetstore.cfapps.io/catalog/items/EST-5"  	[MsgId: MMSG-26659]
Items.c(10): Found resource "https://jpetstore.cfapps.io/images/logo-topbar.gif" in HTML "https://jpetstore.cfapps.io/catalog/items/EST-5"  	[MsgId: MMSG-26659]
Items.c(10): Found resource "https://jpetstore.cfapps.io/images/cart.gif" in HTML "https://jpetstore.cfapps.io/catalog/items/EST-5"  	[MsgId: MMSG-26659]
Items.c(10): Found resource "https://jpetstore.cfapps.io/images/separator.gif" in HTML "https://jpetstore.cfapps.io/catalog/items/EST-5"  	[MsgId: MMSG-26659]
Items.c(10): Found resource "https://jpetstore.cfapps.io/images/sm_fish.gif" in HTML "https://jpetstore.cfapps.io/catalog/items/EST-5"  	[MsgId: MMSG-26659]
Items.c(10): Found resource "https://jpetstore.cfapps.io/images/sm_dogs.gif" in HTML "https://jpetstore.cfapps.io/catalog/items/EST-5"  	[MsgId: MMSG-26659]
Items.c(10): Found resource "https://jpetstore.cfapps.io/images/sm_reptiles.gif" in HTML "https://jpetstore.cfapps.io/catalog/items/EST-5"  	[MsgId: MMSG-26659]
Items.c(10): Found resource "https://jpetstore.cfapps.io/images/sm_cats.gif" in HTML "https://jpetstore.cfapps.io/catalog/items/EST-5"  	[MsgId: MMSG-26659]
Items.c(10): Found resource "https://jpetstore.cfapps.io/images/sm_birds.gif" in HTML "https://jpetstore.cfapps.io/catalog/items/EST-5"  	[MsgId: MMSG-26659]
Items.c(10): Downloading resource "https://jpetstore.cfapps.io/favicon.ico" (specified by argument number 10)  	[MsgId: MMSG-26577]
Items.c(10): Found resource "https://jpetstore.cfapps.io/images/fish3.gif" in HTML "https://jpetstore.cfapps.io/catalog/items/EST-5"  	[MsgId: MMSG-26659]
Items.c(10): Registered web_reg_find successful for "Text=JPetStore Demo" (count=1)  	[MsgId: MMSG-26364]
Items.c(10): web_url("EST-1") was successful, 29239 body bytes, 5958 header bytes  	[MsgId: MMSG-26386]
Items.c(22): Notify: Transaction "06_Click_ItemID" ended with a "Pass" status (Duration: 1.3118 Wasted Time: 0.0909).
AddToCart.c(3): Notify: Transaction "07_Click_AddToCart" started.
AddToCart.c(5): web_reg_find started  	[MsgId: MMSG-26355]
AddToCart.c(5): Registering web_reg_find was successful  	[MsgId: MMSG-26390]
AddToCart.c(8): web_reg_save_param_ex started  	[MsgId: MMSG-26355]
AddToCart.c(8): Registering web_reg_save_param_ex was successful  	[MsgId: MMSG-26390]
AddToCart.c(15): web_url("Add to Cart") started  	[MsgId: MMSG-26355]
AddToCart.c(15): Redirecting "https://jpetstore.cfapps.io/cart?add&itemId=EST-5" (redirection depth is 0)  	[MsgId: MMSG-26694]
AddToCart.c(15): To location "https://jpetstore.cfapps.io/cart"  	[MsgId: MMSG-26693]
AddToCart.c(15): Found resource "https://jpetstore.cfapps.io/css/jpetstore.css" in HTML "https://jpetstore.cfapps.io/cart"  	[MsgId: MMSG-26659]
AddToCart.c(15): Found resource "https://jpetstore.cfapps.io/images/logo-topbar.gif" in HTML "https://jpetstore.cfapps.io/cart"  	[MsgId: MMSG-26659]
AddToCart.c(15): Found resource "https://jpetstore.cfapps.io/images/cart.gif" in HTML "https://jpetstore.cfapps.io/cart"  	[MsgId: MMSG-26659]
AddToCart.c(15): Found resource "https://jpetstore.cfapps.io/images/separator.gif" in HTML "https://jpetstore.cfapps.io/cart"  	[MsgId: MMSG-26659]
AddToCart.c(15): Found resource "https://jpetstore.cfapps.io/images/sm_fish.gif" in HTML "https://jpetstore.cfapps.io/cart"  	[MsgId: MMSG-26659]
AddToCart.c(15): Found resource "https://jpetstore.cfapps.io/images/sm_dogs.gif" in HTML "https://jpetstore.cfapps.io/cart"  	[MsgId: MMSG-26659]
AddToCart.c(15): Found resource "https://jpetstore.cfapps.io/images/sm_reptiles.gif" in HTML "https://jpetstore.cfapps.io/cart"  	[MsgId: MMSG-26659]
AddToCart.c(15): Found resource "https://jpetstore.cfapps.io/images/sm_cats.gif" in HTML "https://jpetstore.cfapps.io/cart"  	[MsgId: MMSG-26659]
AddToCart.c(15): Found resource "https://jpetstore.cfapps.io/images/sm_birds.gif" in HTML "https://jpetstore.cfapps.io/cart"  	[MsgId: MMSG-26659]
AddToCart.c(15): Downloading resource "https://jpetstore.cfapps.io/favicon.ico" (specified by argument number 10)  	[MsgId: MMSG-26577]
AddToCart.c(15): Registered web_reg_find successful for "Text=JPetStore Demo" (count=1)  	[MsgId: MMSG-26364]
AddToCart.c(15): web_url("Add to Cart") was successful, 25288 body bytes, 5928 header bytes  	[MsgId: MMSG-26386]
AddToCart.c(27): Notify: Transaction "07_Click_AddToCart" ended with a "Pass" status (Duration: 1.4722 Wasted Time: 0.0802).
Products.c(3): Notify: Transaction "05_Click_ProductID" started.
Products.c(5): web_reg_find started  	[MsgId: MMSG-26355]
Products.c(5): Registering web_reg_find was successful  	[MsgId: MMSG-26390]
Products.c(8): web_reg_save_param_ex started  	[MsgId: MMSG-26355]
Products.c(8): Registering web_reg_save_param_ex was successful  	[MsgId: MMSG-26390]
Products.c(15): web_url("FI-SW-01") started  	[MsgId: MMSG-26355]
Products.c(15): Found resource "https://jpetstore.cfapps.io/css/jpetstore.css" in HTML "https://jpetstore.cfapps.io/catalog/products/FI-FW-02"  	[MsgId: MMSG-26659]
Products.c(15): Found resource "https://jpetstore.cfapps.io/images/logo-topbar.gif" in HTML "https://jpetstore.cfapps.io/catalog/products/FI-FW-02"  	[MsgId: MMSG-26659]
Products.c(15): Found resource "https://jpetstore.cfapps.io/images/cart.gif" in HTML "https://jpetstore.cfapps.io/catalog/products/FI-FW-02"  	[MsgId: MMSG-26659]
Products.c(15): Found resource "https://jpetstore.cfapps.io/images/separator.gif" in HTML "https://jpetstore.cfapps.io/catalog/products/FI-FW-02"  	[MsgId: MMSG-26659]
Products.c(15): Found resource "https://jpetstore.cfapps.io/images/sm_fish.gif" in HTML "https://jpetstore.cfapps.io/catalog/products/FI-FW-02"  	[MsgId: MMSG-26659]
Products.c(15): Found resource "https://jpetstore.cfapps.io/images/sm_dogs.gif" in HTML "https://jpetstore.cfapps.io/catalog/products/FI-FW-02"  	[MsgId: MMSG-26659]
Products.c(15): Found resource "https://jpetstore.cfapps.io/images/sm_reptiles.gif" in HTML "https://jpetstore.cfapps.io/catalog/products/FI-FW-02"  	[MsgId: MMSG-26659]
Products.c(15): Found resource "https://jpetstore.cfapps.io/images/sm_cats.gif" in HTML "https://jpetstore.cfapps.io/catalog/products/FI-FW-02"  	[MsgId: MMSG-26659]
Products.c(15): Found resource "https://jpetstore.cfapps.io/images/sm_birds.gif" in HTML "https://jpetstore.cfapps.io/catalog/products/FI-FW-02"  	[MsgId: MMSG-26659]
Products.c(15): Downloading resource "https://jpetstore.cfapps.io/favicon.ico" (specified by argument number 10)  	[MsgId: MMSG-26577]
Products.c(15): Registered web_reg_find successful for "Text=JPetStore Demo" (count=1)  	[MsgId: MMSG-26364]
Products.c(15): web_url("FI-SW-01") was successful, 18130 body bytes, 5458 header bytes  	[MsgId: MMSG-26386]
Products.c(27): Notify: Transaction "05_Click_ProductID" ended with a "Pass" status (Duration: 1.1601 Wasted Time: 0.0828).
Items.c(3): Notify: Transaction "06_Click_ItemID" started.
Items.c(5): web_reg_find started  	[MsgId: MMSG-26355]
Items.c(5): Registering web_reg_find was successful  	[MsgId: MMSG-26390]
Items.c(10): web_url("EST-1") started  	[MsgId: MMSG-26355]
Items.c(10): Found resource "https://jpetstore.cfapps.io/css/jpetstore.css" in HTML "https://jpetstore.cfapps.io/catalog/items/EST-20"  	[MsgId: MMSG-26659]
Items.c(10): Found resource "https://jpetstore.cfapps.io/images/logo-topbar.gif" in HTML "https://jpetstore.cfapps.io/catalog/items/EST-20"  	[MsgId: MMSG-26659]
Items.c(10): Found resource "https://jpetstore.cfapps.io/images/cart.gif" in HTML "https://jpetstore.cfapps.io/catalog/items/EST-20"  	[MsgId: MMSG-26659]
Items.c(10): Found resource "https://jpetstore.cfapps.io/images/separator.gif" in HTML "https://jpetstore.cfapps.io/catalog/items/EST-20"  	[MsgId: MMSG-26659]
Items.c(10): Found resource "https://jpetstore.cfapps.io/images/sm_fish.gif" in HTML "https://jpetstore.cfapps.io/catalog/items/EST-20"  	[MsgId: MMSG-26659]
Items.c(10): Found resource "https://jpetstore.cfapps.io/images/sm_dogs.gif" in HTML "https://jpetstore.cfapps.io/catalog/items/EST-20"  	[MsgId: MMSG-26659]
Items.c(10): Found resource "https://jpetstore.cfapps.io/images/sm_reptiles.gif" in HTML "https://jpetstore.cfapps.io/catalog/items/EST-20"  	[MsgId: MMSG-26659]
Items.c(10): Found resource "https://jpetstore.cfapps.io/images/sm_cats.gif" in HTML "https://jpetstore.cfapps.io/catalog/items/EST-20"  	[MsgId: MMSG-26659]
Items.c(10): Found resource "https://jpetstore.cfapps.io/images/sm_birds.gif" in HTML "https://jpetstore.cfapps.io/catalog/items/EST-20"  	[MsgId: MMSG-26659]
Items.c(10): Found resource "https://jpetstore.cfapps.io/images/fish2.gif" in HTML "https://jpetstore.cfapps.io/catalog/items/EST-20"  	[MsgId: MMSG-26659]
Items.c(10): Downloading resource "https://jpetstore.cfapps.io/favicon.ico" (specified by argument number 10)  	[MsgId: MMSG-26577]
Items.c(10): Registered web_reg_find successful for "Text=JPetStore Demo" (count=1)  	[MsgId: MMSG-26364]
Items.c(10): web_url("EST-1") was successful, 31088 body bytes, 5952 header bytes  	[MsgId: MMSG-26386]
Items.c(22): Notify: Transaction "06_Click_ItemID" ended with a "Pass" status (Duration: 1.2943 Wasted Time: 0.0586).
AddToCart.c(3): Notify: Transaction "07_Click_AddToCart" started.
AddToCart.c(5): web_reg_find started  	[MsgId: MMSG-26355]
AddToCart.c(5): Registering web_reg_find was successful  	[MsgId: MMSG-26390]
AddToCart.c(8): web_reg_save_param_ex started  	[MsgId: MMSG-26355]
AddToCart.c(8): Registering web_reg_save_param_ex was successful  	[MsgId: MMSG-26390]
AddToCart.c(15): web_url("Add to Cart") started  	[MsgId: MMSG-26355]
AddToCart.c(15): Redirecting "https://jpetstore.cfapps.io/cart?add&itemId=EST-20" (redirection depth is 0)  	[MsgId: MMSG-26694]
AddToCart.c(15): To location "https://jpetstore.cfapps.io/cart"  	[MsgId: MMSG-26693]
AddToCart.c(15): Found resource "https://jpetstore.cfapps.io/css/jpetstore.css" in HTML "https://jpetstore.cfapps.io/cart"  	[MsgId: MMSG-26659]
AddToCart.c(15): Found resource "https://jpetstore.cfapps.io/images/logo-topbar.gif" in HTML "https://jpetstore.cfapps.io/cart"  	[MsgId: MMSG-26659]
AddToCart.c(15): Found resource "https://jpetstore.cfapps.io/images/cart.gif" in HTML "https://jpetstore.cfapps.io/cart"  	[MsgId: MMSG-26659]
AddToCart.c(15): Found resource "https://jpetstore.cfapps.io/images/separator.gif" in HTML "https://jpetstore.cfapps.io/cart"  	[MsgId: MMSG-26659]
AddToCart.c(15): Found resource "https://jpetstore.cfapps.io/images/sm_fish.gif" in HTML "https://jpetstore.cfapps.io/cart"  	[MsgId: MMSG-26659]
AddToCart.c(15): Found resource "https://jpetstore.cfapps.io/images/sm_dogs.gif" in HTML "https://jpetstore.cfapps.io/cart"  	[MsgId: MMSG-26659]
AddToCart.c(15): Found resource "https://jpetstore.cfapps.io/images/sm_reptiles.gif" in HTML "https://jpetstore.cfapps.io/cart"  	[MsgId: MMSG-26659]
AddToCart.c(15): Found resource "https://jpetstore.cfapps.io/images/sm_cats.gif" in HTML "https://jpetstore.cfapps.io/cart"  	[MsgId: MMSG-26659]
AddToCart.c(15): Found resource "https://jpetstore.cfapps.io/images/sm_birds.gif" in HTML "https://jpetstore.cfapps.io/cart"  	[MsgId: MMSG-26659]
AddToCart.c(15): Downloading resource "https://jpetstore.cfapps.io/favicon.ico" (specified by argument number 10)  	[MsgId: MMSG-26577]
AddToCart.c(15): Registered web_reg_find successful for "Text=JPetStore Demo" (count=1)  	[MsgId: MMSG-26364]
AddToCart.c(15): web_url("Add to Cart") was successful, 26841 body bytes, 5933 header bytes  	[MsgId: MMSG-26386]
AddToCart.c(27): Notify: Transaction "07_Click_AddToCart" ended with a "Pass" status (Duration: 1.6299 Wasted Time: 0.0636).
Items.c(3): Notify: Transaction "06_Click_ItemID" started.
Items.c(5): web_reg_find started  	[MsgId: MMSG-26355]
Items.c(5): Registering web_reg_find was successful  	[MsgId: MMSG-26390]
Items.c(10): web_url("EST-1") started  	[MsgId: MMSG-26355]
Items.c(10): Found resource "https://jpetstore.cfapps.io/css/jpetstore.css" in HTML "https://jpetstore.cfapps.io/catalog/items/EST-21"  	[MsgId: MMSG-26659]
Items.c(10): Found resource "https://jpetstore.cfapps.io/images/logo-topbar.gif" in HTML "https://jpetstore.cfapps.io/catalog/items/EST-21"  	[MsgId: MMSG-26659]
Items.c(10): Found resource "https://jpetstore.cfapps.io/images/cart.gif" in HTML "https://jpetstore.cfapps.io/catalog/items/EST-21"  	[MsgId: MMSG-26659]
Items.c(10): Found resource "https://jpetstore.cfapps.io/images/separator.gif" in HTML "https://jpetstore.cfapps.io/catalog/items/EST-21"  	[MsgId: MMSG-26659]
Items.c(10): Found resource "https://jpetstore.cfapps.io/images/sm_fish.gif" in HTML "https://jpetstore.cfapps.io/catalog/items/EST-21"  	[MsgId: MMSG-26659]
Items.c(10): Found resource "https://jpetstore.cfapps.io/images/sm_dogs.gif" in HTML "https://jpetstore.cfapps.io/catalog/items/EST-21"  	[MsgId: MMSG-26659]
Items.c(10): Found resource "https://jpetstore.cfapps.io/images/sm_reptiles.gif" in HTML "https://jpetstore.cfapps.io/catalog/items/EST-21"  	[MsgId: MMSG-26659]
Items.c(10): Found resource "https://jpetstore.cfapps.io/images/sm_cats.gif" in HTML "https://jpetstore.cfapps.io/catalog/items/EST-21"  	[MsgId: MMSG-26659]
Items.c(10): Found resource "https://jpetstore.cfapps.io/images/sm_birds.gif" in HTML "https://jpetstore.cfapps.io/catalog/items/EST-21"  	[MsgId: MMSG-26659]
Items.c(10): Found resource "https://jpetstore.cfapps.io/images/fish2.gif" in HTML "https://jpetstore.cfapps.io/catalog/items/EST-21"  	[MsgId: MMSG-26659]
Items.c(10): Downloading resource "https://jpetstore.cfapps.io/favicon.ico" (specified by argument number 10)  	[MsgId: MMSG-26577]
Items.c(10): Registered web_reg_find successful for "Text=JPetStore Demo" (count=1)  	[MsgId: MMSG-26364]
Items.c(10): web_url("EST-1") was successful, 31090 body bytes, 5952 header bytes  	[MsgId: MMSG-26386]
Items.c(22): Notify: Transaction "06_Click_ItemID" ended with a "Pass" status (Duration: 1.2609 Wasted Time: 0.0537).
AddToCart.c(3): Notify: Transaction "07_Click_AddToCart" started.
AddToCart.c(5): web_reg_find started  	[MsgId: MMSG-26355]
AddToCart.c(5): Registering web_reg_find was successful  	[MsgId: MMSG-26390]
AddToCart.c(8): web_reg_save_param_ex started  	[MsgId: MMSG-26355]
AddToCart.c(8): Registering web_reg_save_param_ex was successful  	[MsgId: MMSG-26390]
AddToCart.c(15): web_url("Add to Cart") started  	[MsgId: MMSG-26355]
AddToCart.c(15): Redirecting "https://jpetstore.cfapps.io/cart?add&itemId=EST-21" (redirection depth is 0)  	[MsgId: MMSG-26694]
AddToCart.c(15): To location "https://jpetstore.cfapps.io/cart"  	[MsgId: MMSG-26693]
AddToCart.c(15): Found resource "https://jpetstore.cfapps.io/css/jpetstore.css" in HTML "https://jpetstore.cfapps.io/cart"  	[MsgId: MMSG-26659]
AddToCart.c(15): Found resource "https://jpetstore.cfapps.io/images/logo-topbar.gif" in HTML "https://jpetstore.cfapps.io/cart"  	[MsgId: MMSG-26659]
AddToCart.c(15): Found resource "https://jpetstore.cfapps.io/images/cart.gif" in HTML "https://jpetstore.cfapps.io/cart"  	[MsgId: MMSG-26659]
AddToCart.c(15): Found resource "https://jpetstore.cfapps.io/images/separator.gif" in HTML "https://jpetstore.cfapps.io/cart"  	[MsgId: MMSG-26659]
AddToCart.c(15): Found resource "https://jpetstore.cfapps.io/images/sm_fish.gif" in HTML "https://jpetstore.cfapps.io/cart"  	[MsgId: MMSG-26659]
AddToCart.c(15): Found resource "https://jpetstore.cfapps.io/images/sm_dogs.gif" in HTML "https://jpetstore.cfapps.io/cart"  	[MsgId: MMSG-26659]
AddToCart.c(15): Found resource "https://jpetstore.cfapps.io/images/sm_reptiles.gif" in HTML "https://jpetstore.cfapps.io/cart"  	[MsgId: MMSG-26659]
AddToCart.c(15): Found resource "https://jpetstore.cfapps.io/images/sm_cats.gif" in HTML "https://jpetstore.cfapps.io/cart"  	[MsgId: MMSG-26659]
AddToCart.c(15): Found resource "https://jpetstore.cfapps.io/images/sm_birds.gif" in HTML "https://jpetstore.cfapps.io/cart"  	[MsgId: MMSG-26659]
AddToCart.c(15): Downloading resource "https://jpetstore.cfapps.io/favicon.ico" (specified by argument number 10)  	[MsgId: MMSG-26577]
AddToCart.c(15): Registered web_reg_find successful for "Text=JPetStore Demo" (count=1)  	[MsgId: MMSG-26364]
AddToCart.c(15): web_url("Add to Cart") was successful, 28396 body bytes, 5928 header bytes  	[MsgId: MMSG-26386]
AddToCart.c(27): Notify: Transaction "07_Click_AddToCart" ended with a "Pass" status (Duration: 1.5987 Wasted Time: 0.0615).
RemoveFromCart.c(3): Notify: Transaction "08_Click_Remove" started.
RemoveFromCart.c(5): web_reg_find started  	[MsgId: MMSG-26355]
RemoveFromCart.c(5): Registering web_reg_find was successful  	[MsgId: MMSG-26390]
RemoveFromCart.c(8): web_url("Remove") started  	[MsgId: MMSG-26355]
RemoveFromCart.c(8): Redirecting "https://jpetstore.cfapps.io/cart?remove&itemId=EST-1" (redirection depth is 0)  	[MsgId: MMSG-26694]
RemoveFromCart.c(8): To location "https://jpetstore.cfapps.io/cart"  	[MsgId: MMSG-26693]
RemoveFromCart.c(8): Found resource "https://jpetstore.cfapps.io/css/jpetstore.css" in HTML "https://jpetstore.cfapps.io/cart"  	[MsgId: MMSG-26659]
RemoveFromCart.c(8): Found resource "https://jpetstore.cfapps.io/images/logo-topbar.gif" in HTML "https://jpetstore.cfapps.io/cart"  	[MsgId: MMSG-26659]
RemoveFromCart.c(8): Found resource "https://jpetstore.cfapps.io/images/cart.gif" in HTML "https://jpetstore.cfapps.io/cart"  	[MsgId: MMSG-26659]
RemoveFromCart.c(8): Found resource "https://jpetstore.cfapps.io/images/separator.gif" in HTML "https://jpetstore.cfapps.io/cart"  	[MsgId: MMSG-26659]
RemoveFromCart.c(8): Found resource "https://jpetstore.cfapps.io/images/sm_fish.gif" in HTML "https://jpetstore.cfapps.io/cart"  	[MsgId: MMSG-26659]
RemoveFromCart.c(8): Found resource "https://jpetstore.cfapps.io/images/sm_dogs.gif" in HTML "https://jpetstore.cfapps.io/cart"  	[MsgId: MMSG-26659]
RemoveFromCart.c(8): Found resource "https://jpetstore.cfapps.io/images/sm_reptiles.gif" in HTML "https://jpetstore.cfapps.io/cart"  	[MsgId: MMSG-26659]
RemoveFromCart.c(8): Found resource "https://jpetstore.cfapps.io/images/sm_cats.gif" in HTML "https://jpetstore.cfapps.io/cart"  	[MsgId: MMSG-26659]
RemoveFromCart.c(8): Found resource "https://jpetstore.cfapps.io/images/sm_birds.gif" in HTML "https://jpetstore.cfapps.io/cart"  	[MsgId: MMSG-26659]
RemoveFromCart.c(8): Downloading resource "https://jpetstore.cfapps.io/favicon.ico" (specified by argument number 10)  	[MsgId: MMSG-26577]
RemoveFromCart.c(8): Registered web_reg_find successful for "Text=JPetStore Demo" (count=1)  	[MsgId: MMSG-26364]
RemoveFromCart.c(8): web_url("Remove") was successful, 26849 body bytes, 5928 header bytes  	[MsgId: MMSG-26386]
RemoveFromCart.c(20): Notify: Transaction "08_Click_Remove" ended with a "Pass" status (Duration: 1.7133 Wasted Time: 0.0919).
RemoveFromCart.c(3): Notify: Transaction "08_Click_Remove" started.
RemoveFromCart.c(5): web_reg_find started  	[MsgId: MMSG-26355]
RemoveFromCart.c(5): Registering web_reg_find was successful  	[MsgId: MMSG-26390]
RemoveFromCart.c(8): web_url("Remove") started  	[MsgId: MMSG-26355]
RemoveFromCart.c(8): Redirecting "https://jpetstore.cfapps.io/cart?remove&itemId=EST-2" (redirection depth is 0)  	[MsgId: MMSG-26694]
RemoveFromCart.c(8): To location "https://jpetstore.cfapps.io/cart"  	[MsgId: MMSG-26693]
RemoveFromCart.c(8): Found resource "https://jpetstore.cfapps.io/css/jpetstore.css" in HTML "https://jpetstore.cfapps.io/cart"  	[MsgId: MMSG-26659]
RemoveFromCart.c(8): Found resource "https://jpetstore.cfapps.io/images/logo-topbar.gif" in HTML "https://jpetstore.cfapps.io/cart"  	[MsgId: MMSG-26659]
RemoveFromCart.c(8): Found resource "https://jpetstore.cfapps.io/images/cart.gif" in HTML "https://jpetstore.cfapps.io/cart"  	[MsgId: MMSG-26659]
RemoveFromCart.c(8): Found resource "https://jpetstore.cfapps.io/images/separator.gif" in HTML "https://jpetstore.cfapps.io/cart"  	[MsgId: MMSG-26659]
RemoveFromCart.c(8): Found resource "https://jpetstore.cfapps.io/images/sm_fish.gif" in HTML "https://jpetstore.cfapps.io/cart"  	[MsgId: MMSG-26659]
RemoveFromCart.c(8): Found resource "https://jpetstore.cfapps.io/images/sm_dogs.gif" in HTML "https://jpetstore.cfapps.io/cart"  	[MsgId: MMSG-26659]
RemoveFromCart.c(8): Found resource "https://jpetstore.cfapps.io/images/sm_reptiles.gif" in HTML "https://jpetstore.cfapps.io/cart"  	[MsgId: MMSG-26659]
RemoveFromCart.c(8): Found resource "https://jpetstore.cfapps.io/images/sm_cats.gif" in HTML "https://jpetstore.cfapps.io/cart"  	[MsgId: MMSG-26659]
RemoveFromCart.c(8): Found resource "https://jpetstore.cfapps.io/images/sm_birds.gif" in HTML "https://jpetstore.cfapps.io/cart"  	[MsgId: MMSG-26659]
RemoveFromCart.c(8): Downloading resource "https://jpetstore.cfapps.io/favicon.ico" (specified by argument number 10)  	[MsgId: MMSG-26577]
RemoveFromCart.c(8): Registered web_reg_find successful for "Text=JPetStore Demo" (count=1)  	[MsgId: MMSG-26364]
RemoveFromCart.c(8): web_url("Remove") was successful, 25302 body bytes, 5933 header bytes  	[MsgId: MMSG-26386]
RemoveFromCart.c(20): Notify: Transaction "08_Click_Remove" ended with a "Pass" status (Duration: 1.5876 Wasted Time: 0.0761).
RemoveFromCart.c(3): Notify: Transaction "08_Click_Remove" started.
RemoveFromCart.c(5): web_reg_find started  	[MsgId: MMSG-26355]
RemoveFromCart.c(5): Registering web_reg_find was successful  	[MsgId: MMSG-26390]
RemoveFromCart.c(8): web_url("Remove") started  	[MsgId: MMSG-26355]
RemoveFromCart.c(8): Redirecting "https://jpetstore.cfapps.io/cart?remove&itemId=EST-3" (redirection depth is 0)  	[MsgId: MMSG-26694]
RemoveFromCart.c(8): To location "https://jpetstore.cfapps.io/cart"  	[MsgId: MMSG-26693]
RemoveFromCart.c(8): Found resource "https://jpetstore.cfapps.io/css/jpetstore.css" in HTML "https://jpetstore.cfapps.io/cart"  	[MsgId: MMSG-26659]
RemoveFromCart.c(8): Found resource "https://jpetstore.cfapps.io/images/logo-topbar.gif" in HTML "https://jpetstore.cfapps.io/cart"  	[MsgId: MMSG-26659]
RemoveFromCart.c(8): Found resource "https://jpetstore.cfapps.io/images/cart.gif" in HTML "https://jpetstore.cfapps.io/cart"  	[MsgId: MMSG-26659]
RemoveFromCart.c(8): Found resource "https://jpetstore.cfapps.io/images/separator.gif" in HTML "https://jpetstore.cfapps.io/cart"  	[MsgId: MMSG-26659]
RemoveFromCart.c(8): Found resource "https://jpetstore.cfapps.io/images/sm_fish.gif" in HTML "https://jpetstore.cfapps.io/cart"  	[MsgId: MMSG-26659]
RemoveFromCart.c(8): Found resource "https://jpetstore.cfapps.io/images/sm_dogs.gif" in HTML "https://jpetstore.cfapps.io/cart"  	[MsgId: MMSG-26659]
RemoveFromCart.c(8): Found resource "https://jpetstore.cfapps.io/images/sm_reptiles.gif" in HTML "https://jpetstore.cfapps.io/cart"  	[MsgId: MMSG-26659]
RemoveFromCart.c(8): Found resource "https://jpetstore.cfapps.io/images/sm_cats.gif" in HTML "https://jpetstore.cfapps.io/cart"  	[MsgId: MMSG-26659]
RemoveFromCart.c(8): Found resource "https://jpetstore.cfapps.io/images/sm_birds.gif" in HTML "https://jpetstore.cfapps.io/cart"  	[MsgId: MMSG-26659]
RemoveFromCart.c(8): Downloading resource "https://jpetstore.cfapps.io/favicon.ico" (specified by argument number 10)  	[MsgId: MMSG-26577]
RemoveFromCart.c(8): Registered web_reg_find successful for "Text=JPetStore Demo" (count=1)  	[MsgId: MMSG-26364]
RemoveFromCart.c(8): web_url("Remove") was successful, 23749 body bytes, 5933 header bytes  	[MsgId: MMSG-26386]
RemoveFromCart.c(20): Notify: Transaction "08_Click_Remove" ended with a "Pass" status (Duration: 1.5096 Wasted Time: 0.0932).
RemoveFromCart.c(3): Notify: Transaction "08_Click_Remove" started.
RemoveFromCart.c(5): web_reg_find started  	[MsgId: MMSG-26355]
RemoveFromCart.c(5): Registering web_reg_find was successful  	[MsgId: MMSG-26390]
RemoveFromCart.c(8): web_url("Remove") started  	[MsgId: MMSG-26355]
RemoveFromCart.c(8): Redirecting "https://jpetstore.cfapps.io/cart?remove&itemId=EST-4" (redirection depth is 0)  	[MsgId: MMSG-26694]
RemoveFromCart.c(8): To location "https://jpetstore.cfapps.io/cart"  	[MsgId: MMSG-26693]
RemoveFromCart.c(8): Found resource "https://jpetstore.cfapps.io/css/jpetstore.css" in HTML "https://jpetstore.cfapps.io/cart"  	[MsgId: MMSG-26659]
RemoveFromCart.c(8): Found resource "https://jpetstore.cfapps.io/images/logo-topbar.gif" in HTML "https://jpetstore.cfapps.io/cart"  	[MsgId: MMSG-26659]
RemoveFromCart.c(8): Found resource "https://jpetstore.cfapps.io/images/cart.gif" in HTML "https://jpetstore.cfapps.io/cart"  	[MsgId: MMSG-26659]
RemoveFromCart.c(8): Found resource "https://jpetstore.cfapps.io/images/separator.gif" in HTML "https://jpetstore.cfapps.io/cart"  	[MsgId: MMSG-26659]
RemoveFromCart.c(8): Found resource "https://jpetstore.cfapps.io/images/sm_fish.gif" in HTML "https://jpetstore.cfapps.io/cart"  	[MsgId: MMSG-26659]
RemoveFromCart.c(8): Found resource "https://jpetstore.cfapps.io/images/sm_dogs.gif" in HTML "https://jpetstore.cfapps.io/cart"  	[MsgId: MMSG-26659]
RemoveFromCart.c(8): Found resource "https://jpetstore.cfapps.io/images/sm_reptiles.gif" in HTML "https://jpetstore.cfapps.io/cart"  	[MsgId: MMSG-26659]
RemoveFromCart.c(8): Found resource "https://jpetstore.cfapps.io/images/sm_cats.gif" in HTML "https://jpetstore.cfapps.io/cart"  	[MsgId: MMSG-26659]
RemoveFromCart.c(8): Found resource "https://jpetstore.cfapps.io/images/sm_birds.gif" in HTML "https://jpetstore.cfapps.io/cart"  	[MsgId: MMSG-26659]
RemoveFromCart.c(8): Downloading resource "https://jpetstore.cfapps.io/favicon.ico" (specified by argument number 10)  	[MsgId: MMSG-26577]
RemoveFromCart.c(8): Registered web_reg_find successful for "Text=JPetStore Demo" (count=1)  	[MsgId: MMSG-26364]
RemoveFromCart.c(8): web_url("Remove") was successful, 22206 body bytes, 5933 header bytes  	[MsgId: MMSG-26386]
RemoveFromCart.c(20): Notify: Transaction "08_Click_Remove" ended with a "Pass" status (Duration: 1.6042 Wasted Time: 0.0557).
RemoveFromCart.c(3): Notify: Transaction "08_Click_Remove" started.
RemoveFromCart.c(5): web_reg_find started  	[MsgId: MMSG-26355]
RemoveFromCart.c(5): Registering web_reg_find was successful  	[MsgId: MMSG-26390]
RemoveFromCart.c(8): web_url("Remove") started  	[MsgId: MMSG-26355]
RemoveFromCart.c(8): Redirecting "https://jpetstore.cfapps.io/cart?remove&itemId=EST-5" (redirection depth is 0)  	[MsgId: MMSG-26694]
RemoveFromCart.c(8): To location "https://jpetstore.cfapps.io/cart"  	[MsgId: MMSG-26693]
RemoveFromCart.c(8): Found resource "https://jpetstore.cfapps.io/css/jpetstore.css" in HTML "https://jpetstore.cfapps.io/cart"  	[MsgId: MMSG-26659]
RemoveFromCart.c(8): Found resource "https://jpetstore.cfapps.io/images/logo-topbar.gif" in HTML "https://jpetstore.cfapps.io/cart"  	[MsgId: MMSG-26659]
RemoveFromCart.c(8): Found resource "https://jpetstore.cfapps.io/images/cart.gif" in HTML "https://jpetstore.cfapps.io/cart"  	[MsgId: MMSG-26659]
RemoveFromCart.c(8): Found resource "https://jpetstore.cfapps.io/images/separator.gif" in HTML "https://jpetstore.cfapps.io/cart"  	[MsgId: MMSG-26659]
RemoveFromCart.c(8): Found resource "https://jpetstore.cfapps.io/images/sm_fish.gif" in HTML "https://jpetstore.cfapps.io/cart"  	[MsgId: MMSG-26659]
RemoveFromCart.c(8): Found resource "https://jpetstore.cfapps.io/images/sm_dogs.gif" in HTML "https://jpetstore.cfapps.io/cart"  	[MsgId: MMSG-26659]
RemoveFromCart.c(8): Found resource "https://jpetstore.cfapps.io/images/sm_reptiles.gif" in HTML "https://jpetstore.cfapps.io/cart"  	[MsgId: MMSG-26659]
RemoveFromCart.c(8): Found resource "https://jpetstore.cfapps.io/images/sm_cats.gif" in HTML "https://jpetstore.cfapps.io/cart"  	[MsgId: MMSG-26659]
RemoveFromCart.c(8): Found resource "https://jpetstore.cfapps.io/images/sm_birds.gif" in HTML "https://jpetstore.cfapps.io/cart"  	[MsgId: MMSG-26659]
RemoveFromCart.c(8): Downloading resource "https://jpetstore.cfapps.io/favicon.ico" (specified by argument number 10)  	[MsgId: MMSG-26577]
RemoveFromCart.c(8): Registered web_reg_find successful for "Text=JPetStore Demo" (count=1)  	[MsgId: MMSG-26364]
RemoveFromCart.c(8): web_url("Remove") was successful, 20662 body bytes, 5933 header bytes  	[MsgId: MMSG-26386]
RemoveFromCart.c(20): Notify: Transaction "08_Click_Remove" ended with a "Pass" status (Duration: 1.5990 Wasted Time: 0.0549).
RemoveFromCart.c(3): Notify: Transaction "08_Click_Remove" started.
RemoveFromCart.c(5): web_reg_find started  	[MsgId: MMSG-26355]
RemoveFromCart.c(5): Registering web_reg_find was successful  	[MsgId: MMSG-26390]
RemoveFromCart.c(8): web_url("Remove") started  	[MsgId: MMSG-26355]
RemoveFromCart.c(8): Redirecting "https://jpetstore.cfapps.io/cart?remove&itemId=EST-20" (redirection depth is 0)  	[MsgId: MMSG-26694]
RemoveFromCart.c(8): To location "https://jpetstore.cfapps.io/cart"  	[MsgId: MMSG-26693]
RemoveFromCart.c(8): Found resource "https://jpetstore.cfapps.io/css/jpetstore.css" in HTML "https://jpetstore.cfapps.io/cart"  	[MsgId: MMSG-26659]
RemoveFromCart.c(8): Found resource "https://jpetstore.cfapps.io/images/logo-topbar.gif" in HTML "https://jpetstore.cfapps.io/cart"  	[MsgId: MMSG-26659]
RemoveFromCart.c(8): Found resource "https://jpetstore.cfapps.io/images/cart.gif" in HTML "https://jpetstore.cfapps.io/cart"  	[MsgId: MMSG-26659]
RemoveFromCart.c(8): Found resource "https://jpetstore.cfapps.io/images/separator.gif" in HTML "https://jpetstore.cfapps.io/cart"  	[MsgId: MMSG-26659]
RemoveFromCart.c(8): Found resource "https://jpetstore.cfapps.io/images/sm_fish.gif" in HTML "https://jpetstore.cfapps.io/cart"  	[MsgId: MMSG-26659]
RemoveFromCart.c(8): Found resource "https://jpetstore.cfapps.io/images/sm_dogs.gif" in HTML "https://jpetstore.cfapps.io/cart"  	[MsgId: MMSG-26659]
RemoveFromCart.c(8): Found resource "https://jpetstore.cfapps.io/images/sm_reptiles.gif" in HTML "https://jpetstore.cfapps.io/cart"  	[MsgId: MMSG-26659]
RemoveFromCart.c(8): Found resource "https://jpetstore.cfapps.io/images/sm_cats.gif" in HTML "https://jpetstore.cfapps.io/cart"  	[MsgId: MMSG-26659]
RemoveFromCart.c(8): Found resource "https://jpetstore.cfapps.io/images/sm_birds.gif" in HTML "https://jpetstore.cfapps.io/cart"  	[MsgId: MMSG-26659]
RemoveFromCart.c(8): Downloading resource "https://jpetstore.cfapps.io/favicon.ico" (specified by argument number 10)  	[MsgId: MMSG-26577]
RemoveFromCart.c(8): Registered web_reg_find successful for "Text=JPetStore Demo" (count=1)  	[MsgId: MMSG-26364]
RemoveFromCart.c(8): web_url("Remove") was successful, 19108 body bytes, 5927 header bytes  	[MsgId: MMSG-26386]
RemoveFromCart.c(20): Notify: Transaction "08_Click_Remove" ended with a "Pass" status (Duration: 1.6019 Wasted Time: 0.0973).
Pilote.c(38): web_reg_find started  	[MsgId: MMSG-26355]
Pilote.c(38): Registering web_reg_find was successful  	[MsgId: MMSG-26390]
RemoveFromCart.c(3): Notify: Transaction "08_Click_Remove" started.
RemoveFromCart.c(5): web_reg_find started  	[MsgId: MMSG-26355]
RemoveFromCart.c(5): Registering web_reg_find was successful  	[MsgId: MMSG-26390]
RemoveFromCart.c(8): web_url("Remove") started  	[MsgId: MMSG-26355]
RemoveFromCart.c(8): Redirecting "https://jpetstore.cfapps.io/cart?remove&itemId=EST-21" (redirection depth is 0)  	[MsgId: MMSG-26694]
RemoveFromCart.c(8): To location "https://jpetstore.cfapps.io/cart"  	[MsgId: MMSG-26693]
RemoveFromCart.c(8): Found resource "https://jpetstore.cfapps.io/css/jpetstore.css" in HTML "https://jpetstore.cfapps.io/cart"  	[MsgId: MMSG-26659]
RemoveFromCart.c(8): Found resource "https://jpetstore.cfapps.io/images/logo-topbar.gif" in HTML "https://jpetstore.cfapps.io/cart"  	[MsgId: MMSG-26659]
RemoveFromCart.c(8): Found resource "https://jpetstore.cfapps.io/images/cart.gif" in HTML "https://jpetstore.cfapps.io/cart"  	[MsgId: MMSG-26659]
RemoveFromCart.c(8): Found resource "https://jpetstore.cfapps.io/images/separator.gif" in HTML "https://jpetstore.cfapps.io/cart"  	[MsgId: MMSG-26659]
RemoveFromCart.c(8): Found resource "https://jpetstore.cfapps.io/images/sm_fish.gif" in HTML "https://jpetstore.cfapps.io/cart"  	[MsgId: MMSG-26659]
RemoveFromCart.c(8): Found resource "https://jpetstore.cfapps.io/images/sm_dogs.gif" in HTML "https://jpetstore.cfapps.io/cart"  	[MsgId: MMSG-26659]
RemoveFromCart.c(8): Found resource "https://jpetstore.cfapps.io/images/sm_reptiles.gif" in HTML "https://jpetstore.cfapps.io/cart"  	[MsgId: MMSG-26659]
RemoveFromCart.c(8): Found resource "https://jpetstore.cfapps.io/images/sm_cats.gif" in HTML "https://jpetstore.cfapps.io/cart"  	[MsgId: MMSG-26659]
RemoveFromCart.c(8): Found resource "https://jpetstore.cfapps.io/images/sm_birds.gif" in HTML "https://jpetstore.cfapps.io/cart"  	[MsgId: MMSG-26659]
RemoveFromCart.c(8): Downloading resource "https://jpetstore.cfapps.io/favicon.ico" (specified by argument number 10)  	[MsgId: MMSG-26577]
RemoveFromCart.c(8): Registered web_reg_find successful for "Text=Your cart is empty." (count=1)  	[MsgId: MMSG-26364]
RemoveFromCart.c(8): Registered web_reg_find successful for "Text=JPetStore Demo" (count=1)  	[MsgId: MMSG-26364]
RemoveFromCart.c(8): web_url("Remove") was successful, 17336 body bytes, 5927 header bytes  	[MsgId: MMSG-26386]
RemoveFromCart.c(20): Notify: Transaction "08_Click_Remove" ended with a "Pass" status (Duration: 1.4860 Wasted Time: 0.0817).
Ending action Pilote.
Ending iteration 1.
Ending Vuser...
Starting action vuser_end.
SignOut.c(3): Notify: Transaction "09_SignOut" started.
SignOut.c(5): web_reg_find started  	[MsgId: MMSG-26355]
SignOut.c(5): Registering web_reg_find was successful  	[MsgId: MMSG-26390]
SignOut.c(8): web_url("Sign Out") started  	[MsgId: MMSG-26355]
SignOut.c(8): Redirecting "https://jpetstore.cfapps.io/logout" (redirection depth is 0)  	[MsgId: MMSG-26694]
SignOut.c(8): To location "https://jpetstore.cfapps.io/catalog"  	[MsgId: MMSG-26693]
SignOut.c(8): Found resource "https://jpetstore.cfapps.io/css/jpetstore.css" in HTML "https://jpetstore.cfapps.io/catalog"  	[MsgId: MMSG-26659]
SignOut.c(8): Found resource "https://jpetstore.cfapps.io/images/logo-topbar.gif" in HTML "https://jpetstore.cfapps.io/catalog"  	[MsgId: MMSG-26659]
SignOut.c(8): Found resource "https://jpetstore.cfapps.io/images/cart.gif" in HTML "https://jpetstore.cfapps.io/catalog"  	[MsgId: MMSG-26659]
SignOut.c(8): Found resource "https://jpetstore.cfapps.io/images/separator.gif" in HTML "https://jpetstore.cfapps.io/catalog"  	[MsgId: MMSG-26659]
SignOut.c(8): Found resource "https://jpetstore.cfapps.io/images/sm_fish.gif" in HTML "https://jpetstore.cfapps.io/catalog"  	[MsgId: MMSG-26659]
SignOut.c(8): Found resource "https://jpetstore.cfapps.io/images/sm_dogs.gif" in HTML "https://jpetstore.cfapps.io/catalog"  	[MsgId: MMSG-26659]
SignOut.c(8): Found resource "https://jpetstore.cfapps.io/images/sm_reptiles.gif" in HTML "https://jpetstore.cfapps.io/catalog"  	[MsgId: MMSG-26659]
SignOut.c(8): Found resource "https://jpetstore.cfapps.io/images/sm_cats.gif" in HTML "https://jpetstore.cfapps.io/catalog"  	[MsgId: MMSG-26659]
SignOut.c(8): Found resource "https://jpetstore.cfapps.io/images/sm_birds.gif" in HTML "https://jpetstore.cfapps.io/catalog"  	[MsgId: MMSG-26659]
SignOut.c(8): Found resource "https://jpetstore.cfapps.io/images/fish_icon.gif" in HTML "https://jpetstore.cfapps.io/catalog"  	[MsgId: MMSG-26659]
SignOut.c(8): Found resource "https://jpetstore.cfapps.io/images/dogs_icon.gif" in HTML "https://jpetstore.cfapps.io/catalog"  	[MsgId: MMSG-26659]
SignOut.c(8): Found resource "https://jpetstore.cfapps.io/images/reptiles_icon.gif" in HTML "https://jpetstore.cfapps.io/catalog"  	[MsgId: MMSG-26659]
SignOut.c(8): Found resource "https://jpetstore.cfapps.io/images/cats_icon.gif" in HTML "https://jpetstore.cfapps.io/catalog"  	[MsgId: MMSG-26659]
SignOut.c(8): Found resource "https://jpetstore.cfapps.io/images/birds_icon.gif" in HTML "https://jpetstore.cfapps.io/catalog"  	[MsgId: MMSG-26659]
SignOut.c(8): Found resource "https://jpetstore.cfapps.io/images/splash.gif" in HTML "https://jpetstore.cfapps.io/catalog"  	[MsgId: MMSG-26659]
SignOut.c(8): Downloading resource "https://jpetstore.cfapps.io/favicon.ico" (specified by argument number 10)  	[MsgId: MMSG-26577]
SignOut.c(8): Registered web_reg_find successful for "Text=Sign In" (count=1)  	[MsgId: MMSG-26364]
SignOut.c(8): web_url("Sign Out") was successful, 56994 body bytes, 9224 header bytes  	[MsgId: MMSG-26386]
SignOut.c(20): Notify: Transaction "09_SignOut" ended with a "Pass" status (Duration: 2.1464 Wasted Time: 0.0660).
Ending action vuser_end.
Vuser Terminated.
